0 info it worked if it ends with ok
1 verbose cli [ '/usr/bin/node', '/usr/bin/npm', 'update', '-g', 'bower' ]
2 info using npm@1.4.28
3 info using node@v0.10.32
4 verbose node symlink /usr/bin/node
5 verbose request where is /bower
6 verbose request registry https://registry.npmjs.org/
7 verbose request id 6feaa300806acb75
8 verbose url raw /bower
9 verbose url resolving [ 'https://registry.npmjs.org/', './bower' ]
10 verbose url resolved https://registry.npmjs.org/bower
11 verbose request where is https://registry.npmjs.org/bower
12 info trying registry request attempt 1 at 21:05:36
13 verbose etag "BNEPXH85JRVX0PTJ3Z7BEQ39Y"
14 http GET https://registry.npmjs.org/bower
15 http 200 https://registry.npmjs.org/bower
16 silly registry.get cb [ 200,
16 silly registry.get   { server: 'CouchDB/1.5.0 (Erlang OTP/R16B03)',
16 silly registry.get     etag: '"EL9GVN4D2OQTJL5W62F8ZVTN4"',
16 silly registry.get     'content-type': 'application/json',
16 silly registry.get     'cache-control': 'max-age=60',
16 silly registry.get     'content-length': '120256',
16 silly registry.get     'accept-ranges': 'bytes',
16 silly registry.get     date: 'Sun, 13 Sep 2015 21:13:33 GMT',
16 silly registry.get     via: '1.1 varnish',
16 silly registry.get     age: '0',
16 silly registry.get     connection: 'keep-alive',
16 silly registry.get     'x-served-by': 'cache-jfk1034-JFK',
16 silly registry.get     'x-cache': 'HIT',
16 silly registry.get     'x-cache-hits': '1',
16 silly registry.get     'x-timer': 'S1442178812.985060,VS0,VE21',
16 silly registry.get     vary: 'Accept' } ]
17 info outdated updating [ [ '/usr/lib', 'bower', '1.3.12', '1.5.2', '1.5.2', 'latest' ] ]
18 verbose install where,what [ '/usr/lib', [ 'bower@1.5.2' ] ]
19 verbose cache add [ 'bower@1.5.2', null ]
20 verbose cache add name=undefined spec="bower@1.5.2" args=["bower@1.5.2",null]
21 verbose parsed url { protocol: null,
21 verbose parsed url   slashes: null,
21 verbose parsed url   auth: null,
21 verbose parsed url   host: null,
21 verbose parsed url   port: null,
21 verbose parsed url   hostname: null,
21 verbose parsed url   hash: null,
21 verbose parsed url   search: null,
21 verbose parsed url   query: null,
21 verbose parsed url   pathname: 'bower@1.5.2',
21 verbose parsed url   path: 'bower@1.5.2',
21 verbose parsed url   href: 'bower@1.5.2' }
22 verbose cache add name="bower" spec="1.5.2" args=["bower","1.5.2"]
23 verbose parsed url { protocol: null,
23 verbose parsed url   slashes: null,
23 verbose parsed url   auth: null,
23 verbose parsed url   host: null,
23 verbose parsed url   port: null,
23 verbose parsed url   hostname: null,
23 verbose parsed url   hash: null,
23 verbose parsed url   search: null,
23 verbose parsed url   query: null,
23 verbose parsed url   pathname: '1.5.2',
23 verbose parsed url   path: '1.5.2',
23 verbose parsed url   href: '1.5.2' }
24 verbose addNamed [ 'bower', '1.5.2' ]
25 verbose addNamed [ '1.5.2', '1.5.2' ]
26 silly lockFile ee94e6b7-bower-1-5-2 bower@1.5.2
27 verbose lock bower@1.5.2 /home/vagrant/.npm/ee94e6b7-bower-1-5-2.lock
28 verbose registry.get https://registry.npmjs.org/bower not expired, no request
29 silly lockFile 60c89777--npmjs-org-bower-bower-1-5-2-tgz https://registry.npmjs.org/bower/-/bower-1.5.2.tgz
30 verbose lock https://registry.npmjs.org/bower/-/bower-1.5.2.tgz /home/vagrant/.npm/60c89777--npmjs-org-bower-bower-1-5-2-tgz.lock
31 verbose addRemoteTarball [ 'https://registry.npmjs.org/bower/-/bower-1.5.2.tgz',
31 verbose addRemoteTarball   'be291d6c36f1740779abff1c61aca5633e265327' ]
32 info retry fetch attempt 1 at 21:05:37
33 verbose fetch to= /tmp/npm-2483-75yZ5oDb/registry.npmjs.org/bower/-/bower-1.5.2.tgz
34 http GET https://registry.npmjs.org/bower/-/bower-1.5.2.tgz
35 http 200 https://registry.npmjs.org/bower/-/bower-1.5.2.tgz
36 silly lockFile 60c89777--npmjs-org-bower-bower-1-5-2-tgz https://registry.npmjs.org/bower/-/bower-1.5.2.tgz
37 silly lockFile 60c89777--npmjs-org-bower-bower-1-5-2-tgz https://registry.npmjs.org/bower/-/bower-1.5.2.tgz
38 silly lockFile ee94e6b7-bower-1-5-2 bower@1.5.2
39 silly lockFile ee94e6b7-bower-1-5-2 bower@1.5.2
40 error Error: EACCES, mkdir '/home/vagrant/.npm/bower/1.5.2'
40 error  { [Error: EACCES, mkdir '/home/vagrant/.npm/bower/1.5.2']
40 error   errno: 3,
40 error   code: 'EACCES',
40 error   path: '/home/vagrant/.npm/bower/1.5.2' }
41 error Please try running this command again as root/Administrator.
42 error System Linux 3.2.0-23-generic
43 error command "/usr/bin/node" "/usr/bin/npm" "update" "-g" "bower"
44 error cwd /var/www/public
45 error node -v v0.10.32
46 error npm -v 1.4.28
47 error path /home/vagrant/.npm/bower/1.5.2
48 error code EACCES
49 error errno 3
50 error stack Error: EACCES, mkdir '/home/vagrant/.npm/bower/1.5.2'
51 verbose exit [ 3, true ]
